2019-07-15 10:30:25.100 logback [http-nio-8080-exec-9] DEBUG o.s.web.servlet.DispatcherServlet - GET "/assets/img/favicon.ico", parameters={}
2019-07-15 10:30:25.105 logback [http-nio-8080-exec-9] DEBUG o.s.w.s.h.SimpleUrlHandlerMapping - Mapped to ResourceHttpRequestHandler [class path resource [template/], ServletContext resource [/], class path resource []]
2019-07-15 10:30:25.106 logback [http-nio-8080-exec-9] DEBUG o.s.w.s.r.ResourceHttpRequestHandler - Resource not found
2019-07-15 10:30:25.106 logback [http-nio-8080-exec-9] DEBUG o.s.web.servlet.DispatcherServlet - Completed 404 NOT_FOUND
2019-07-15 10:30:25.106 logback [http-nio-8080-exec-9] DEBUG o.s.web.servlet.DispatcherServlet - "ERROR" dispatch for GET "/error", parameters={}
2019-07-15 10:30:25.107 logback [http-nio-8080-exec-9] DEBUG o.s.w.s.m.m.a.RequestMappingHandlerMapping - Mapped to public org.springframework.http.ResponseEntity<java.util.Map<java.lang.String, java.lang.Object>> org.springframework.boot.autoconfigure.web.servlet.error.BasicErrorController.error(javax.servlet.http.HttpServletRequest)
2019-07-15 10:30:25.107 logback [http-nio-8080-exec-9] DEBUG o.s.w.s.m.m.a.HttpEntityMethodProcessor - Using 'application/json;q=0.8', given [image/webp, image/apng, image/*, */*;q=0.8] and supported [application/json, application/*+json, application/json, application/*+json]
2019-07-15 10:30:25.108 logback [http-nio-8080-exec-9] DEBUG o.s.w.s.m.m.a.HttpEntityMethodProcessor - Writing [{timestamp=Mon Jul 15 10:30:25 CST 2019, status=404, error=Not Found, message=No message available,  (truncated)...]
2019-07-15 10:30:25.108 logback [http-nio-8080-exec-9] DEBUG o.s.web.servlet.DispatcherServlet - Exiting from "ERROR" dispatch, status 404
2019-07-15 10:33:12.806 logback [http-nio-8080-exec-10] DEBUG o.s.web.servlet.DispatcherServlet - GET "/register.html", parameters={}
2019-07-15 10:33:12.807 logback [http-nio-8080-exec-10] DEBUG o.s.w.s.h.SimpleUrlHandlerMapping - Mapped to ResourceHttpRequestHandler ["classpath:/template/", "/"]
2019-07-15 10:33:12.808 logback [http-nio-8080-exec-10] DEBUG o.s.w.s.r.ResourceHttpRequestHandler - Resource not found
2019-07-15 10:33:12.808 logback [http-nio-8080-exec-10] DEBUG o.s.web.servlet.DispatcherServlet - Completed 404 NOT_FOUND
2019-07-15 10:33:12.808 logback [http-nio-8080-exec-10] DEBUG o.s.web.servlet.DispatcherServlet - "ERROR" dispatch for GET "/error", parameters={}
2019-07-15 10:33:12.808 logback [http-nio-8080-exec-10] DEBUG o.s.w.s.m.m.a.RequestMappingHandlerMapping - Mapped to public org.springframework.web.servlet.ModelAndView org.springframework.boot.autoconfigure.web.servlet.error.BasicErrorController.errorHtml(javax.servlet.http.HttpServletRequest,javax.servlet.http.HttpServletResponse)
2019-07-15 10:33:12.820 logback [http-nio-8080-exec-10] DEBUG o.s.w.s.v.ContentNegotiatingViewResolver - Selected 'text/html' given [text/html, text/html;q=0.8]
2019-07-15 10:33:12.820 logback [http-nio-8080-exec-10] DEBUG o.s.web.servlet.DispatcherServlet - Exiting from "ERROR" dispatch, status 404
2019-07-15 10:37:03.070 logback [restartedMain] DEBUG o.s.b.c.l.ClasspathLoggingApplicationListener - Application started with classpath: [file:/D:/idea_workspace/web/target/classes/]
2019-07-15 10:37:03.131 logback [restartedMain] INFO  com.wang.web.WebApplication - Starting WebApplication on WIN-B6KPH7BI458 with PID 7324 (D:\idea_workspace\web\target\classes started by Administrator in D:\idea_workspace\web)
2019-07-15 10:37:03.132 logback [restartedMain] DEBUG com.wang.web.WebApplication - Running with Spring Boot v2.1.4.RELEASE, Spring v5.1.6.RELEASE
2019-07-15 10:37:03.132 logback [restartedMain] INFO  com.wang.web.WebApplication - No active profile set, falling back to default profiles: default
2019-07-15 10:37:03.132 logback [restartedMain] DEBUG o.s.boot.SpringApplication - Loading source class com.wang.web.WebApplication
2019-07-15 10:37:03.205 logback [restartedMain] DEBUG o.s.b.c.c.ConfigFileApplicationListener - Loaded config file 'file:/D:/idea_workspace/web/target/classes/application.properties' (classpath:/application.properties)
2019-07-15 10:37:03.206 logback [restartedMain] DEBUG o.s.b.c.c.ConfigFileApplicationListener - Loaded config file 'file:/D:/idea_workspace/web/target/classes/application.yml' (classpath:/application.yml)
2019-07-15 10:37:03.207 logback [restartedMain] DEBUG o.s.b.d.restart.ChangeableUrls - Matching URLs for reloading : [file:/D:/idea_workspace/web/target/classes/]
2019-07-15 10:37:03.207 logback [restartedMain] DEBUG o.s.b.d.settings.DevToolsSettings - Included patterns for restart : []
2019-07-15 10:37:03.207 logback [restartedMain] DEBUG o.s.b.d.settings.DevToolsSettings - Excluded patterns for restart : [/spring-boot-actuator/target/classes/, /spring-boot-devtools/target/classes/, /spring-boot/target/classes/, /spring-boot-starter-[\w-]+/, /spring-boot-autoconfigure/target/classes/, /spring-boot-starter/target/classes/]
2019-07-15 10:37:03.207 logback [restartedMain] INFO  o.s.b.d.e.DevToolsPropertyDefaultsPostProcessor - Devtools property defaults active! Set 'spring.devtools.add-properties' to 'false' to disable
2019-07-15 10:37:03.207 logback [restartedMain] INFO  o.s.b.d.e.DevToolsPropertyDefaultsPostProcessor - For additional web related logging consider setting the 'logging.level.web' property to 'DEBUG'
2019-07-15 10:37:03.207 logback [restartedMain] DEBUG o.s.b.w.s.c.AnnotationConfigServletWebServerApplicationContext - Refreshing org.springframework.boot.web.servlet.context.AnnotationConfigServletWebServerApplicationContext@469d469f
2019-07-15 10:37:03.984 logback [restartedMain] DEBUG o.s.b.a.AutoConfigurationPackages - @EnableAutoConfiguration was declared on a class in the package 'com.wang.web'. Automatic @Repository and @Entity scanning is enabled.
2019-07-15 10:37:04.842 logback [restartedMain] DEBUG o.s.b.w.e.t.TomcatServletWebServerFactory - Code archive: D:\maven-repository\org\springframework\boot\spring-boot\2.1.4.RELEASE\spring-boot-2.1.4.RELEASE.jar
2019-07-15 10:37:04.842 logback [restartedMain] DEBUG o.s.b.w.e.t.TomcatServletWebServerFactory - Code archive: D:\maven-repository\org\springframework\boot\spring-boot\2.1.4.RELEASE\spring-boot-2.1.4.RELEASE.jar
2019-07-15 10:37:04.843 logback [restartedMain] DEBUG o.s.b.w.e.t.TomcatServletWebServerFactory - None of the document roots [src/main/webapp, public, static] point to a directory and will be ignored.
2019-07-15 10:37:04.917 logback [restartedMain] INFO  o.s.b.w.e.tomcat.TomcatWebServer - Tomcat initialized with port(s): 8080 (http)
2019-07-15 10:37:05.027 logback [restartedMain] DEBUG o.s.web.context.ContextLoader - Published root WebApplicationContext as ServletContext attribute with name [org.springframework.web.context.WebApplicationContext.ROOT]
2019-07-15 10:37:05.027 logback [restartedMain] INFO  o.s.web.context.ContextLoader - Root WebApplicationContext: initialization completed in 1820 ms
2019-07-15 10:37:05.032 logback [restartedMain] INFO  com.wang.DruidDB.DruidConfiguration - init Druid Servlet Configuration 
2019-07-15 10:37:05.046 logback [restartedMain] INFO  com.wang.filter.FilterConfig - 注册过滤器, 过滤器name: KeywordHandleFilter, 过滤器order: 3, 过滤器过滤url: [/v1/query/keyword]
2019-07-15 10:37:05.091 logback [restartedMain] DEBUG o.s.b.w.s.ServletContextInitializerBeans - Mapping filters: KeywordHandleFilter urls=[/v1/query/keyword], filterRegistrationBean urls=[/*], characterEncodingFilter urls=[/*], hiddenHttpMethodFilter urls=[/*], formContentFilter urls=[/*], requestContextFilter urls=[/*], shirFilter urls=[/*], createShiroFilter urls=[/*]
2019-07-15 10:37:05.091 logback [restartedMain] DEBUG o.s.b.w.s.ServletContextInitializerBeans - Mapping servlets: statViewServlet urls=[/druid/*], dispatcherServlet urls=[/]
2019-07-15 10:37:05.109 logback [restartedMain] DEBUG o.s.b.w.s.f.OrderedRequestContextFilter - Filter 'requestContextFilter' configured for use
2019-07-15 10:37:05.110 logback [restartedMain] DEBUG o.s.b.w.s.f.OrderedHiddenHttpMethodFilter - Filter 'hiddenHttpMethodFilter' configured for use
2019-07-15 10:37:05.111 logback [restartedMain] INFO  com.wang.filter.KeywordHandleFilter - KeywordHandleFilter初始化
2019-07-15 10:37:05.111 logback [restartedMain] DEBUG o.s.b.w.s.f.OrderedCharacterEncodingFilter - Filter 'characterEncodingFilter' configured for use
2019-07-15 10:37:05.111 logback [restartedMain] DEBUG o.s.b.w.s.f.OrderedFormContentFilter - Filter 'formContentFilter' configured for use
2019-07-15 10:37:05.451 logback [restartedMain] WARN  o.s.b.w.s.c.AnnotationConfigServletWebServerApplicationContext - Exception encountered during context initialization - cancelling refresh attempt: org.springframework.beans.factory.UnsatisfiedDependencyException: Error creating bean with name 'helloController': Unsatisfied dependency expressed through field 'mWorkerService'; nested exception is org.springframework.beans.factory.UnsatisfiedDependencyException: Error creating bean with name 'MWorkerServiceImpl': Unsatisfied dependency expressed through field 'mWorkerMapper'; nested exception is org.springframework.beans.factory.UnsatisfiedDependencyException: Error creating bean with name 'MWorkerMapper' defined in file [D:\idea_workspace\web\target\classes\com\wang\dao\MWorkerMapper.class]: Unsatisfied dependency expressed through bean property 'sqlSessionFactory'; nested exception is org.springframework.beans.factory.UnsatisfiedDependencyException: Error creating bean with name 'sqlSessionFactory' defined in class path resource [org/mybatis/spring/boot/autoconfigure/MybatisAutoConfiguration.class]: Unsatisfied dependency expressed through method 'sqlSessionFactory' parameter 0; nested exception is org.springframework.beans.factory.BeanCreationException: Error creating bean with name 'dataSource' defined in class path resource [com/wang/DruidDB/DruidDBConfig.class]: Bean instantiation via factory method failed; nested exception is org.springframework.beans.BeanInstantiationException: Failed to instantiate [javax.sql.DataSource]: Factory method 'dataSource' threw exception; nested exception is java.lang.NoClassDefFoundError: org/apache/log4j/Logger
2019-07-15 10:37:05.469 logback [restartedMain] INFO  com.wang.filter.KeywordHandleFilter - KeywordHandleFilter銷毀
